A D/AllInOne////
A D/DOMSupport////
A D/ICUBridge////
A D/PlatformSupport////
A D/XMLSupport////
A D/XPath////
A D/XPathCAPI////
A D/XSLT////
A D/XalanDOM////
A D/XalanEXSLT////
A D/XalanExtensions////
A D/XalanSourceTree////
A D/XalanTransformer////
A D/XercesParserLiaison////
R D/XercesParserLiaison////
R D/XalanTransformer////
R D/XalanSourceTree////
R D/XalanExtensions////
R D/XalanEXSLT////
R D/XalanDOM////
R D/XSLT////
R D/XPathCAPI////
R D/XPath////
R D/XMLSupport////
R D/PlatformSupport////
R D/ICUBridge////
R D/DOMSupport////
