A D/AllInOne////
A D/ApacheModuleXSLT////
A D/C-API////
A D/Compare////
A D/CompileStylesheet////
A D/Conf////
A D/DocumentBuilder////
A D/Dom2Dom////
A D/Errortests////
A D/Extensions////
A D/ExternalFunction////
A D/Harness////
A D/InputSource////
A D/Memory////
A D/Params////
A D/ParsedSourceWrappers////
A D/PerfT////
A D/Performance////
A D/SerializeNodeSet////
A D/SimpleTransform////
A D/SimpleXPathAPI////
A D/SimpleXPathCAPI////
A D/StreamTransform////
A D/TestXPath////
A D/TestXSLT////
A D/ThreadSafe////
A D/Threads////
A D/TraceListen////
A D/TransformToXercesDOM////
A D/Transformer////
A D/UseStylesheetParam////
A D/Utils////
A D/XPathWrapper////
A D/XalanExe////
A D/XalanTransform////
A D/XalanTransformerCallback////
R D/Harness////
