A D/AllInOne////
A D/ApacheModuleXSLT////
A D/CompileStylesheet////
A D/DocumentBuilder////
A D/ExternalFunction////
A D/ParsedSourceWrappers////
A D/SerializeNodeSet////
A D/SimpleTransform////
A D/SimpleXPathAPI////
A D/SimpleXPathCAPI////
A D/StreamTransform////
A D/TestXPath////
A D/TestXSLT////
A D/ThreadSafe////
A D/TraceListen////
A D/TransformToXercesDOM////
A D/UseStylesheetParam////
A D/Utils////
A D/XPathWrapper////
A D/XalanExe////
A D/XalanTransform////
A D/XalanTransformerCallback////
