A D/AllInOne////
A D/ApacheModuleXSLT////
A D/CompileStylesheet////
A D/DOMSupport////
A D/DocumentBuilder////
A D/ExternalFunction////
A D/ICUBridge////
A D/ParsedSourceWrappers////
A D/PlatformSupport////
A D/SerializeNodeSet////
A D/SimpleTransform////
A D/SimpleXPathAPI////
A D/SimpleXPathCAPI////
A D/StreamTransform////
A D/TestCompile////
A D/TestXPath////
A D/TestXSLT////
A D/ThreadSafe////
A D/TraceListen////
A D/TransformToXercesDOM////
A D/UseStylesheetParam////
A D/Utils////
A D/XMLSupport////
A D/XPath////
A D/XPathCAPI////
A D/XPathWrapper////
A D/XSLT////
A D/XalanDOM////
A D/XalanEXSLT////
A D/XalanExe////
A D/XalanExtensions////
A D/XalanSourceTree////
A D/XalanTransform////
A D/XalanTransformer////
A D/XalanTransformerCallback////
A D/XercesInit////
A D/XercesParserLiaison////
A D/XercesPlatformSupport////
R D/XercesPlatformSupport////
R D/XercesParserLiaison////
R D/XercesInit////
R D/XalanTransformer////
R D/XalanSourceTree////
R D/XalanExtensions////
R D/XalanEXSLT////
R D/XalanDOM////
R D/XSLT////
R D/XPathCAPI////
R D/XPath////
R D/XMLSupport////
R D/TestCompile////
R D/PlatformSupport////
R D/ICUBridge////
R D/DOMSupport////
